<?xml version="1.0" encoding="UTF-8"?>
<testng-results skipped="0" failed="1" ignored="0" total="3" passed="2">
  <reporter-output>
  </reporter-output>
  <suite name="Default suite" duration-ms="50721" started-at="2020-12-04T09:51:28Z" finished-at="2020-12-04T09:52:19Z">
    <groups>
    </groups>
    <test name="Default test" duration-ms="50721" started-at="2020-12-04T09:51:28Z" finished-at="2020-12-04T09:52:19Z">
      <class name="Telliant_timesheet.app.LoginTest">
        <test-method status="PASS" signature="initialize()[pri:0, instance:Telliant_timesheet.app.LoginTest@61001b64]" name="initialize" is-config="true" duration-ms="13913" started-at="2020-12-04T09:51:28Z" finished-at="2020-12-04T09:51:42Z">
          <reporter-output>
          </reporter-output>
        </test-method> <!-- initialize -->
        <test-method status="PASS" signature="f()[pri:0, instance:Telliant_timesheet.app.LoginTest@61001b64]" name="f" is-config="true" duration-ms="717" started-at="2020-12-04T09:51:42Z" finished-at="2020-12-04T09:51:43Z">
          <reporter-output>
          </reporter-output>
        </test-method> <!-- f -->
        <test-method status="PASS" signature="login()[pri:1, instance:Telliant_timesheet.app.LoginTest@61001b64]" name="login" duration-ms="18865" started-at="2020-12-04T09:51:43Z" description="LoginTimesheet" finished-at="2020-12-04T09:52:02Z">
          <reporter-output>
          </reporter-output>
        </test-method> <!-- login -->
        <test-method status="PASS" signature="viewtimesheet()[pri:2, instance:Telliant_timesheet.app.LoginTest@61001b64]" name="viewtimesheet" duration-ms="16777" started-at="2020-12-04T09:52:02Z" description="ViewTimesheet" finished-at="2020-12-04T09:52:18Z">
          <reporter-output>
          </reporter-output>
        </test-method> <!-- viewtimesheet -->
        <test-method status="FAIL" signature="clearExistingAction()[pri:3, instance:Telliant_timesheet.app.LoginTest@61001b64]" name="clearExistingAction" duration-ms="383" started-at="2020-12-04T09:52:18Z" description="Clear existing actions" finished-at="2020-12-04T09:52:19Z">
          <exception class="java.lang.NullPointerException">
            <full-stacktrace>
              <![CDATA[java.lang.NullPointerException
at pageobject.TimesheetPage.addProject(TimesheetPage.java:36)
at Telliant_timesheet.app.LoginTest.clearExistingAction(LoginTest.java:67)
at sun.reflect.NativeMethodAccessorImpl.invoke0(Native Method)
at sun.reflect.NativeMethodAccessorImpl.invoke(NativeMethodAccessorImpl.java:62)
at sun.reflect.DelegatingMethodAccessorImpl.invoke(DelegatingMethodAccessorImpl.java:43)
at java.lang.reflect.Method.invoke(Method.java:498)
at org.testng.internal.MethodInvocationHelper.invokeMethod(MethodInvocationHelper.java:124)
at org.testng.internal.Invoker.invokeMethod(Invoker.java:583)
at org.testng.internal.Invoker.invokeTestMethod(Invoker.java:719)
at org.testng.internal.Invoker.invokeTestMethods(Invoker.java:989)
at org.testng.internal.TestMethodWorker.invokeTestMethods(TestMethodWorker.java:125)
at org.testng.internal.TestMethodWorker.run(TestMethodWorker.java:109)
at org.testng.TestRunner.privateRun(TestRunner.java:648)
at org.testng.TestRunner.run(TestRunner.java:505)
at org.testng.SuiteRunner.runTest(SuiteRunner.java:455)
at org.testng.SuiteRunner.runSequentially(SuiteRunner.java:450)
at org.testng.SuiteRunner.privateRun(SuiteRunner.java:415)
at org.testng.SuiteRunner.run(SuiteRunner.java:364)
at org.testng.SuiteRunnerWorker.runSuite(SuiteRunnerWorker.java:52)
at org.testng.SuiteRunnerWorker.run(SuiteRunnerWorker.java:84)
at org.testng.TestNG.runSuitesSequentially(TestNG.java:1208)
at org.testng.TestNG.runSuitesLocally(TestNG.java:1137)
at org.testng.TestNG.runSuites(TestNG.java:1049)
at org.testng.TestNG.run(TestNG.java:1017)
at org.testng.remote.AbstractRemoteTestNG.run(AbstractRemoteTestNG.java:115)
at org.testng.remote.RemoteTestNG.initAndRun(RemoteTestNG.java:251)
at org.testng.remote.RemoteTestNG.main(RemoteTestNG.java:77)
]]>
            </full-stacktrace>
          </exception> <!-- java.lang.NullPointerException -->
          <reporter-output>
          </reporter-output>
        </test-method> <!-- clearExistingAction -->
        <test-method status="PASS" signature="TeardownTest()[pri:0, instance:Telliant_timesheet.app.LoginTest@61001b64]" name="TeardownTest" is-config="true" duration-ms="0" started-at="2020-12-04T09:52:19Z" finished-at="2020-12-04T09:52:19Z">
          <reporter-output>
          </reporter-output>
        </test-method> <!-- TeardownTest -->
      </class> <!-- Telliant_timesheet.app.LoginTest -->
    </test> <!-- Default test -->
  </suite> <!-- Default suite -->
</testng-results>
