<?xml version="1.0" encoding="UTF-8"?>
<testng-results skipped="0" failed="0" ignored="0" total="3" passed="3">
  <reporter-output>
  </reporter-output>
  <suite name="Default suite" duration-ms="46918" started-at="2020-12-04T10:15:29Z" finished-at="2020-12-04T10:16:16Z">
    <groups>
    </groups>
    <test name="Default test" duration-ms="46918" started-at="2020-12-04T10:15:29Z" finished-at="2020-12-04T10:16:16Z">
      <class name="Telliant_timesheet.app.LoginTest">
        <test-method status="PASS" signature="initialize()[pri:0, instance:Telliant_timesheet.app.LoginTest@61001b64]" name="initialize" is-config="true" duration-ms="10317" started-at="2020-12-04T10:15:29Z" finished-at="2020-12-04T10:15:39Z">
          <reporter-output>
          </reporter-output>
        </test-method> <!-- initialize -->
        <test-method status="PASS" signature="f()[pri:0, instance:Telliant_timesheet.app.LoginTest@61001b64]" name="f" is-config="true" duration-ms="395" started-at="2020-12-04T10:15:39Z" finished-at="2020-12-04T10:15:39Z">
          <reporter-output>
          </reporter-output>
        </test-method> <!-- f -->
        <test-method status="PASS" signature="login()[pri:1, instance:Telliant_timesheet.app.LoginTest@61001b64]" name="login" duration-ms="12331" started-at="2020-12-04T10:15:39Z" description="LoginTimesheet" finished-at="2020-12-04T10:15:52Z">
          <reporter-output>
          </reporter-output>
        </test-method> <!-- login -->
        <test-method status="PASS" signature="viewtimesheet()[pri:2, instance:Telliant_timesheet.app.LoginTest@61001b64]" name="viewtimesheet" duration-ms="11969" started-at="2020-12-04T10:15:52Z" description="ViewTimesheet" finished-at="2020-12-04T10:16:04Z">
          <reporter-output>
          </reporter-output>
        </test-method> <!-- viewtimesheet -->
        <test-method status="PASS" signature="clearExistingAction()[pri:3, instance:Telliant_timesheet.app.LoginTest@61001b64]" name="clearExistingAction" duration-ms="11878" started-at="2020-12-04T10:16:04Z" description="Clear existing actions" finished-at="2020-12-04T10:16:16Z">
          <reporter-output>
          </reporter-output>
        </test-method> <!-- clearExistingAction -->
        <test-method status="PASS" signature="TeardownTest()[pri:0, instance:Telliant_timesheet.app.LoginTest@61001b64]" name="TeardownTest" is-config="true" duration-ms="1" started-at="2020-12-04T10:16:16Z" finished-at="2020-12-04T10:16:16Z">
          <reporter-output>
          </reporter-output>
        </test-method> <!-- TeardownTest -->
      </class> <!-- Telliant_timesheet.app.LoginTest -->
    </test> <!-- Default test -->
  </suite> <!-- Default suite -->
</testng-results>
