<?xml version="1.0" encoding="UTF-8"?>
<!-- Generated by org.testng.reporters.JUnitXMLReporter -->
<testsuite hostname="DESKTOP-N727QKO" ignored="0" name="Default test" tests="3" failures="0" timestamp="04 Dec 2020 10:16:16 GMT" time="46.918" errors="0">
  <testcase name="login" time="12.331" classname="Telliant_timesheet.app.LoginTest"/>
  <testcase name="viewtimesheet" time="11.969" classname="Telliant_timesheet.app.LoginTest"/>
  <testcase name="clearExistingAction" time="11.878" classname="Telliant_timesheet.app.LoginTest"/>
</testsuite> <!-- Default test -->
